<?xml version="1.0" encoding="UTF-8"?>
<testsuite name="com.omniflow.core.network.interceptors.TokenAuthenticatorTest" tests="2" skipped="0" failures="0" errors="0" timestamp="2026-06-22T13:21:20" hostname="YIGITALP" time="5.473">
  <properties/>
  <testcase name="successful refresh retries request and rotates tokens" classname="com.omniflow.core.network.interceptors.TokenAuthenticatorTest" time="5.392"/>
  <testcase name="failed refresh clears session and stops retry" classname="com.omniflow.core.network.interceptors.TokenAuthenticatorTest" time="0.081"/>
  <system-out><![CDATA[]]></system-out>
  <system-err><![CDATA[WARNING: A Java agent has been loaded dynamically (C:\Users\yigit\.gradle\caches\modules-2\files-2.1\net.bytebuddy\byte-buddy-agent\1.14.17\e3c251a39dc90badaf71c83427ba46840f219d8d\byte-buddy-agent-1.14.17.jar)
WARNING: If a serviceability tool is in use, please run with -XX:+EnableDynamicAgentLoading to hide this warning
WARNING: If a serviceability tool is not in use, please run with -Djdk.instrument.traceUsage for more information
WARNING: Dynamic loading of agents will be disallowed by default in a future release
]]></system-err>
</testsuite>
